Using pre-set license
Built from '2020.3/staging' branch; Version is '2020.3.15f1 (5e502cb56e17) revision 6180908'; Using compiler version '192528614'; Build Type 'Release'
OS: 'Windows 10 Pro; OS build 19043.1165; Version 2009; 64bit' Language: 'en' Physical Memory: 8155 MB
BatchMode: 1, IsHumanControllingUs: 0, StartBugReporterOnCrash: 0, Is64bit: 1, IsPro: 0

 COMMAND LINE ARGUMENTS:
C:\Program Files\Unity\Hub\Editor\2020.3.15f1\Editor\Unity.exe
-adb2
-batchMode
-noUpm
-name
AssetImportWorker0
-projectPath
C:/Users/mihai/OneDrive/Desktop/Client/Client
-logFile
Logs/AssetImportWorker0.log
-srvPort
54825
Successfully changed project path to: C:/Users/mihai/OneDrive/Desktop/Client/Client
C:/Users/mihai/OneDrive/Desktop/Client/Client
Using Asset Import Pipeline V2.
Refreshing native plugins compatible for Editor in 36.91 ms, found 2 plugins.
Preloading 0 native plugins for Editor in 0.00 ms.
Initialize engine version: 2020.3.15f1 (5e502cb56e17)
[Subsystems] Discovering subsystems at path C:/Program Files/Unity/Hub/Editor/2020.3.15f1/Editor/Data/Resources/UnitySubsystems
[Subsystems] Discovering subsystems at path C:/Users/mihai/OneDrive/Desktop/Client/Client/Assets
GfxDevice: creating device client; threaded=0
Direct3D:
    Version:  Direct3D 11.0 [level 11.1]
    Renderer: NVIDIA GeForce GTX 1060 6GB (ID=0x1c03)
    Vendor:   
    VRAM:     6052 MB
    Driver:   27.21.14.5751
Initialize mono
Mono path[0] = 'C:/Program Files/Unity/Hub/Editor/2020.3.15f1/Editor/Data/Managed'
Mono path[1] = 'C:/Program Files/Unity/Hub/Editor/2020.3.15f1/Editor/Data/MonoBleedingEdge/lib/mono/unityjit'
Mono config path = 'C:/Program Files/Unity/Hub/Editor/2020.3.15f1/Editor/Data/MonoBleedingEdge/etc'
Using monoOptions --debugger-agent=transport=dt_socket,embedding=1,server=y,suspend=n,address=127.0.0.1:56116
Begin MonoManager ReloadAssembly
Registering precompiled unity dll's ...
Register platform support module: C:/Program Files/Unity/Hub/Editor/2020.3.15f1/Editor/Data/PlaybackEngines/WindowsStandaloneSupport/UnityEditor.WindowsStandalone.Extensions.dll
Registered in 0.002687 seconds.
Native extension for WindowsStandalone target not found
Refreshing native plugins compatible for Editor in 35.82 ms, found 2 plugins.
Preloading 0 native plugins for Editor in 0.00 ms.
Mono: successfully reloaded assembly
- Completed reload, in  1.321 seconds
Domain Reload Profiling:
	ReloadAssembly (1321ms)
		BeginReloadAssembly (61ms)
			ExecutionOrderSort (0ms)
			DisableScriptedObjects (0ms)
			BackupInstance (0ms)
			ReleaseScriptingObjects (0ms)
			CreateAndSetChildDomain (1ms)
		EndReloadAssembly (514ms)
			LoadAssemblies (58ms)
			RebuildTransferFunctionScriptingTraits (0ms)
			SetupTypeCache (196ms)
			ReleaseScriptCaches (0ms)
			RebuildScriptCaches (37ms)
			SetupLoadedEditorAssemblies (190ms)
				LogAssemblyErrors (0ms)
				InitializePlatformSupportModulesInManaged (4ms)
				SetLoadedEditorAssemblies (0ms)
				RefreshPlugins (36ms)
				BeforeProcessingInitializeOnLoad (18ms)
				ProcessInitializeOnLoadAttributes (95ms)
				ProcessInitializeOnLoadMethodAttributes (36ms)
				AfterProcessingInitializeOnLoad (0ms)
				EditorAssembliesLoaded (0ms)
			ExecutionOrderSort2 (0ms)
			AwakeInstancesAfterBackupRestoration (0ms)
Platform modules already initialized, skipping
Registering precompiled user dll's ...
Registered in 0.005119 seconds.
Begin MonoManager ReloadAssembly
Native extension for WindowsStandalone target not found
Refreshing native plugins compatible for Editor in 0.38 ms, found 2 plugins.
Preloading 0 native plugins for Editor in 0.00 ms.
Mono: successfully reloaded assembly
- Completed reload, in  1.234 seconds
Domain Reload Profiling:
	ReloadAssembly (1234ms)
		BeginReloadAssembly (161ms)
			ExecutionOrderSort (0ms)
			DisableScriptedObjects (5ms)
			BackupInstance (0ms)
			ReleaseScriptingObjects (0ms)
			CreateAndSetChildDomain (19ms)
		EndReloadAssembly (1003ms)
			LoadAssemblies (96ms)
			RebuildTransferFunctionScriptingTraits (0ms)
			SetupTypeCache (320ms)
			ReleaseScriptCaches (0ms)
			RebuildScriptCaches (45ms)
			SetupLoadedEditorAssemblies (434ms)
				LogAssemblyErrors (0ms)
				InitializePlatformSupportModulesInManaged (5ms)
				SetLoadedEditorAssemblies (0ms)
				RefreshPlugins (0ms)
				BeforeProcessingInitializeOnLoad (100ms)
				ProcessInitializeOnLoadAttributes (315ms)
				ProcessInitializeOnLoadMethodAttributes (5ms)
				AfterProcessingInitializeOnLoad (8ms)
				EditorAssembliesLoaded (0ms)
			ExecutionOrderSort2 (0ms)
			AwakeInstancesAfterBackupRestoration (7ms)
Platform modules already initialized, skipping
========================================================================
Worker process is ready to serve import requests
Launched and connected shader compiler UnityShaderCompiler.exe after 0.09 seconds
Refreshing native plugins compatible for Editor in 0.37 ms, found 2 plugins.
Preloading 0 native plugins for Editor in 0.00 ms.
Unloading 1408 Unused Serialized files (Serialized files now loaded: 0)
System memory in use before: 67.6 MB.
System memory in use after: 67.7 MB.

Unloading 19 unused Assets to reduce memory usage. Loaded Objects now: 1849.
Total: 2.045000 ms (FindLiveObjects: 0.132600 ms CreateObjectMapping: 0.042600 ms MarkObjects: 1.781500 ms  DeleteObjects: 0.087100 ms)

AssetImportParameters requested are different than current active one (requested -> active):
  custom:framework-win-MediaFoundation: 216162199b28c13a410421893ffa2e32 -> 
  custom:video-decoder-ogg-theora: a1e56fd34408186e4bbccfd4996cb3dc -> 
  custom:container-muxer-webm: aa71ff27fc2769a1b78a27578f13a17b -> 
  custom:container-demuxer-webm: 4f35f7cbe854078d1ac9338744f61a02 -> 
  custom:container-demuxer-ogg: 62fdf1f143b41e24485cea50d1cbac27 -> 
  custom:video-encoder-webm-vp8: eb34c28f22e8b96e1ab97ce403110664 -> 
  custom:video-decoder-webm-vp8: 9c59270c3fd7afecdb556c50c9e8de78 -> 
  custom:audio-decoder-ogg-vorbis: bf7c407c2cedff20999df2af8eb42d56 -> 
  custom:audio-encoder-webm-vorbis: bf7c407c2cedff20999df2af8eb42d56 -> 
========================================================================
Received Import Request.
  path: Assets/Prefabs/LocalPlayer.prefab
  artifactKey: Guid(f106a72c49792804a8f0a51320edf4f7) Importer(815301076,1909f56bfc062723c751e8b465ee728b)
Start importing Assets/Prefabs/LocalPlayer.prefab using Guid(f106a72c49792804a8f0a51320edf4f7) Importer(815301076,1909f56bfc062723c751e8b465ee728b)  -> (artifact id: 'c0854db2e9d9902f497590c2f6e3d859') in 0.143739 seconds 
  Import took 0.147873 seconds .

========================================================================
Received Import Request.
  Time since last request: 65.216202 seconds.
  path: Assets/Prefabs/Player.prefab
  artifactKey: Guid(de0a9f21d9807b54bb62151b8f33be55) Importer(815301076,1909f56bfc062723c751e8b465ee728b)
Start importing Assets/Prefabs/Player.prefab using Guid(de0a9f21d9807b54bb62151b8f33be55) Importer(815301076,1909f56bfc062723c751e8b465ee728b)  -> (artifact id: '04787c5f942ff9b2e97d7e4dad081a94') in 0.021297 seconds 
  Import took 0.026097 seconds .

========================================================================
Received Import Request.
  Time since last request: 3.556817 seconds.
  path: Assets/Prefabs/Player.prefab
  artifactKey: Guid(de0a9f21d9807b54bb62151b8f33be55) Importer(815301076,1909f56bfc062723c751e8b465ee728b)
Start importing Assets/Prefabs/Player.prefab using Guid(de0a9f21d9807b54bb62151b8f33be55) Importer(815301076,1909f56bfc062723c751e8b465ee728b)  -> (artifact id: 'e7cc4410907f9056b044665b342c987f') in 0.011191 seconds 
  Import took 0.015383 seconds .

========================================================================
Received Import Request.
  Time since last request: 18.453938 seconds.
  path: Assets/Prefabs/LocalPlayer.prefab
  artifactKey: Guid(f106a72c49792804a8f0a51320edf4f7) Importer(815301076,1909f56bfc062723c751e8b465ee728b)
Start importing Assets/Prefabs/LocalPlayer.prefab using Guid(f106a72c49792804a8f0a51320edf4f7) Importer(815301076,1909f56bfc062723c751e8b465ee728b)  -> (artifact id: '58ad160f690c73e8c009a5b5ccf224d4') in 0.078440 seconds 
  Import took 0.083757 seconds .

========================================================================
Received Import Request.
  Time since last request: 50.342889 seconds.
  path: Assets/Prefabs/Player.prefab
  artifactKey: Guid(de0a9f21d9807b54bb62151b8f33be55) Importer(815301076,1909f56bfc062723c751e8b465ee728b)
Start importing Assets/Prefabs/Player.prefab using Guid(de0a9f21d9807b54bb62151b8f33be55) Importer(815301076,1909f56bfc062723c751e8b465ee728b)  -> (artifact id: '105159ab6f0df6e34bfb96aefd789094') in 0.060762 seconds 
  Import took 0.066088 seconds .

========================================================================
Received Import Request.
  Time since last request: 16.867071 seconds.
  path: Assets/Prefabs/Player.prefab
  artifactKey: Guid(de0a9f21d9807b54bb62151b8f33be55) Importer(815301076,1909f56bfc062723c751e8b465ee728b)
Start importing Assets/Prefabs/Player.prefab using Guid(de0a9f21d9807b54bb62151b8f33be55) Importer(815301076,1909f56bfc062723c751e8b465ee728b)  -> (artifact id: 'df293b457b79e47b98d08aec0d8d47eb') in 0.052887 seconds 
  Import took 0.059084 seconds .

========================================================================
Received Import Request.
  Time since last request: 30.269801 seconds.
  path: Assets/Prefabs/Player.prefab
  artifactKey: Guid(de0a9f21d9807b54bb62151b8f33be55) Importer(815301076,1909f56bfc062723c751e8b465ee728b)
Start importing Assets/Prefabs/Player.prefab using Guid(de0a9f21d9807b54bb62151b8f33be55) Importer(815301076,1909f56bfc062723c751e8b465ee728b)  -> (artifact id: 'd561b51521de14af7f92dc0fb214e111') in 0.048366 seconds 
  Import took 0.053682 seconds .

========================================================================
Received Import Request.
  Time since last request: 10.635647 seconds.
  path: Assets/Prefabs/Player.prefab
  artifactKey: Guid(de0a9f21d9807b54bb62151b8f33be55) Importer(815301076,1909f56bfc062723c751e8b465ee728b)
Start importing Assets/Prefabs/Player.prefab using Guid(de0a9f21d9807b54bb62151b8f33be55) Importer(815301076,1909f56bfc062723c751e8b465ee728b)  -> (artifact id: '221892c0177b620e5dc64fe7c46a235b') in 0.049833 seconds 
  Import took 0.055557 seconds .

========================================================================
Received Import Request.
  Time since last request: 1.149876 seconds.
  path: Assets/Prefabs/Player.prefab
  artifactKey: Guid(de0a9f21d9807b54bb62151b8f33be55) Importer(815301076,1909f56bfc062723c751e8b465ee728b)
Start importing Assets/Prefabs/Player.prefab using Guid(de0a9f21d9807b54bb62151b8f33be55) Importer(815301076,1909f56bfc062723c751e8b465ee728b)  -> (artifact id: '24e2fc6d31cb348f0aea34a62d5c7262') in 0.045011 seconds 
  Import took 0.050030 seconds .

========================================================================
Received Import Request.
  Time since last request: 0.981727 seconds.
  path: Assets/Prefabs/Player.prefab
  artifactKey: Guid(de0a9f21d9807b54bb62151b8f33be55) Importer(815301076,1909f56bfc062723c751e8b465ee728b)
Start importing Assets/Prefabs/Player.prefab using Guid(de0a9f21d9807b54bb62151b8f33be55) Importer(815301076,1909f56bfc062723c751e8b465ee728b)  -> (artifact id: '0e66436be503716d3ffdfbd471ddfcd1') in 0.042634 seconds 
  Import took 0.047781 seconds .

========================================================================
Received Import Request.
  Time since last request: 10.865833 seconds.
  path: Assets/Prefabs/Player.prefab
  artifactKey: Guid(de0a9f21d9807b54bb62151b8f33be55) Importer(815301076,1909f56bfc062723c751e8b465ee728b)
Start importing Assets/Prefabs/Player.prefab using Guid(de0a9f21d9807b54bb62151b8f33be55) Importer(815301076,1909f56bfc062723c751e8b465ee728b)  -> (artifact id: '262944363e9025c2105905e8251497bb') in 0.051670 seconds 
  Import took 0.057241 seconds .

========================================================================
Received Import Request.
  Time since last request: 1.947981 seconds.
  path: Assets/Prefabs/Player.prefab
  artifactKey: Guid(de0a9f21d9807b54bb62151b8f33be55) Importer(815301076,1909f56bfc062723c751e8b465ee728b)
Start importing Assets/Prefabs/Player.prefab using Guid(de0a9f21d9807b54bb62151b8f33be55) Importer(815301076,1909f56bfc062723c751e8b465ee728b)  -> (artifact id: 'c699650f4fc8467c7cd0852f135921d9') in 0.042904 seconds 
  Import took 0.048429 seconds .

========================================================================
Received Import Request.
  Time since last request: 0.759537 seconds.
  path: Assets/Prefabs/Player.prefab
  artifactKey: Guid(de0a9f21d9807b54bb62151b8f33be55) Importer(815301076,1909f56bfc062723c751e8b465ee728b)
Start importing Assets/Prefabs/Player.prefab using Guid(de0a9f21d9807b54bb62151b8f33be55) Importer(815301076,1909f56bfc062723c751e8b465ee728b)  -> (artifact id: 'cd806bd5a6ee958401175caffa4175c8') in 0.041970 seconds 
  Import took 0.047262 seconds .

========================================================================
Received Import Request.
  Time since last request: 138.353689 seconds.
  path: Assets/Prefabs/Player.prefab
  artifactKey: Guid(de0a9f21d9807b54bb62151b8f33be55) Importer(815301076,1909f56bfc062723c751e8b465ee728b)
Start importing Assets/Prefabs/Player.prefab using Guid(de0a9f21d9807b54bb62151b8f33be55) Importer(815301076,1909f56bfc062723c751e8b465ee728b)  -> (artifact id: 'b79cb147005dc6e597dd94903d94e88f') in 0.034257 seconds 
  Import took 0.040030 seconds .

========================================================================
Received Import Request.
  Time since last request: 2.590258 seconds.
  path: Assets/Prefabs/Player.prefab
  artifactKey: Guid(de0a9f21d9807b54bb62151b8f33be55) Importer(815301076,1909f56bfc062723c751e8b465ee728b)
Start importing Assets/Prefabs/Player.prefab using Guid(de0a9f21d9807b54bb62151b8f33be55) Importer(815301076,1909f56bfc062723c751e8b465ee728b)  -> (artifact id: '0bff92c56b0725f1e5195ce49e8ff540') in 0.019092 seconds 
  Import took 0.022685 seconds .

AssetImportWorkerClient::OnTransportError - code=2 error=End of file
